** Drc report for T17.kicad_pcb **
** Created on 2026-01-02T17:41:23+0200 **

** Found 1 DRC violations **
[lib_footprint_mismatch]: Footprint 'MountingHole_2.7mm_Pad' does not match copy in library 'MountingHole'.
    Local override; warning
    @(120.1900 mm, 107.7549 mm): Footprint REF3

** Found 0 unconnected pads **

** Found 4 Footprint errors **
[extra_footprint]: Extra footprint
    Local override; warning
    @(120.1900 mm, 107.7549 mm): Footprint REF3
[extra_footprint]: Extra footprint
    Local override; warning
    @(120.1900 mm, 75.2549 mm): Footprint REF2
[extra_footprint]: Extra footprint
    Local override; warning
    @(52.1900 mm, 75.2549 mm): Footprint REF1
[extra_footprint]: Extra footprint
    Local override; warning
    @(52.1900 mm, 107.7549 mm): Footprint REF4

** End of Report **
