** Drc report for T14.kicad_pcb **
** Created on 2025-12-01T22:43:56+0200 **

** Found 1 DRC violations **
[lib_footprint_mismatch]: Footprint 'MountingHole_2.7mm_Pad' does not match copy in library 'MountingHole'.
    Local override; warning
    @(112.0000 mm, 150.0000 mm): Footprint REF3

** Found 0 unconnected pads **

** Found 4 Footprint errors **
[extra_footprint]: Extra footprint
    Local override; warning
    @(112.0000 mm, 113.0000 mm): Footprint REF2
[extra_footprint]: Extra footprint
    Local override; warning
    @(112.0000 mm, 150.0000 mm): Footprint REF3
[extra_footprint]: Extra footprint
    Local override; warning
    @(54.0000 mm, 150.0000 mm): Footprint REF4
[extra_footprint]: Extra footprint
    Local override; warning
    @(54.0000 mm, 113.0000 mm): Footprint REF1

** End of Report **
